/*C11*/SET SCHEMA PUBLIC
DISCONNECT
/*C12*/SET SCHEMA PUBLIC
INSERT INTO BATCH_JOB_SEQ VALUES(1)
DELETE FROM BATCH_JOB_SEQ WHERE ID=0
INSERT INTO BATCH_JOB_INSTANCE VALUES(1,0,'echoJob','1d1c778090d61523bbbeca5cb16fc582')
INSERT INTO BATCH_JOB_EXECUTION_SEQ VALUES(1)
DELETE FROM BATCH_JOB_EXECUTION_SEQ WHERE ID=0
INSERT INTO BATCH_JOB_EXECUTION VALUES(1,0,1,'2018-11-14 17:07:48.351000',NULL,NULL,'STARTING','UNKNOWN','','2018-11-14 17:07:48.352000',NULL)
INSERT INTO BATCH_JOB_EXECUTION_PARAMS VALUES(1,'STRING','breadcrumbId','ID-DESKTOP-0BKCFKT-1542182866765-0-5','1970-01-01 09:00:00.000000',0,0.0E0,'Y')
INSERT INTO BATCH_JOB_EXECUTION_CONTEXT VALUES(1,'{}',NULL)
COMMIT
DELETE FROM BATCH_JOB_EXECUTION WHERE JOB_EXECUTION_ID=1
INSERT INTO BATCH_JOB_EXECUTION VALUES(1,1,1,'2018-11-14 17:07:48.351000','2018-11-14 17:07:48.386000',NULL,'STARTED','UNKNOWN','','2018-11-14 17:07:48.387000',NULL)
COMMIT
INSERT INTO BATCH_STEP_EXECUTION_SEQ VALUES(1)
DELETE FROM BATCH_STEP_EXECUTION_SEQ WHERE ID=0
INSERT INTO BATCH_STEP_EXECUTION VALUES(1,0,'echoStep',1,'2018-11-14 17:07:48.416000',NULL,'STARTING',0,0,0,0,0,0,0,0,'EXECUTING','','2018-11-14 17:07:48.417000')
INSERT INTO BATCH_STEP_EXECUTION_CONTEXT VALUES(1,'{}',NULL)
COMMIT
DELETE FROM BATCH_STEP_EXECUTION WHERE STEP_EXECUTION_ID=1
INSERT INTO BATCH_STEP_EXECUTION VALUES(1,1,'echoStep',1,'2018-11-14 17:07:48.421000',NULL,'STARTED',0,0,0,0,0,0,0,0,'EXECUTING','','2018-11-14 17:07:48.422000')
COMMIT
DELETE FROM BATCH_STEP_EXECUTION_CONTEXT WHERE STEP_EXECUTION_ID=1
INSERT INTO BATCH_STEP_EXECUTION_CONTEXT VALUES(1,'{"batch.taskletType":"org.springframework.batch.core.step.item.ChunkOrientedTasklet","batch.stepType":"org.springframework.batch.core.step.tasklet.TaskletStep"}',NULL)
COMMIT
DELETE FROM BATCH_STEP_EXECUTION_CONTEXT WHERE STEP_EXECUTION_ID=1
INSERT INTO BATCH_STEP_EXECUTION_CONTEXT VALUES(1,'{"batch.taskletType":"org.springframework.batch.core.step.item.ChunkOrientedTasklet","batch.stepType":"org.springframework.batch.core.step.tasklet.TaskletStep"}',NULL)
DELETE FROM BATCH_STEP_EXECUTION WHERE STEP_EXECUTION_ID=1
INSERT INTO BATCH_STEP_EXECUTION VALUES(1,2,'echoStep',1,'2018-11-14 17:07:48.421000',NULL,'STARTED',1,3,0,3,0,0,0,0,'EXECUTING','','2018-11-14 17:07:48.466000')
COMMIT
DELETE FROM BATCH_STEP_EXECUTION_CONTEXT WHERE STEP_EXECUTION_ID=1
INSERT INTO BATCH_STEP_EXECUTION_CONTEXT VALUES(1,'{"batch.taskletType":"org.springframework.batch.core.step.item.ChunkOrientedTasklet","batch.stepType":"org.springframework.batch.core.step.tasklet.TaskletStep"}',NULL)
DELETE FROM BATCH_STEP_EXECUTION WHERE STEP_EXECUTION_ID=1
INSERT INTO BATCH_STEP_EXECUTION VALUES(1,3,'echoStep',1,'2018-11-14 17:07:48.421000',NULL,'STARTED',2,3,0,3,0,0,0,0,'EXECUTING','','2018-11-14 17:07:48.472000')
COMMIT
DELETE FROM BATCH_STEP_EXECUTION_CONTEXT WHERE STEP_EXECUTION_ID=1
INSERT INTO BATCH_STEP_EXECUTION_CONTEXT VALUES(1,'{"batch.taskletType":"org.springframework.batch.core.step.item.ChunkOrientedTasklet","batch.stepType":"org.springframework.batch.core.step.tasklet.TaskletStep"}',NULL)
COMMIT
DELETE FROM BATCH_STEP_EXECUTION WHERE STEP_EXECUTION_ID=1
INSERT INTO BATCH_STEP_EXECUTION VALUES(1,4,'echoStep',1,'2018-11-14 17:07:48.421000','2018-11-14 17:07:48.476000','COMPLETED',2,3,0,3,0,0,0,0,'COMPLETED','','2018-11-14 17:07:48.477000')
COMMIT
DELETE FROM BATCH_JOB_EXECUTION_CONTEXT WHERE JOB_EXECUTION_ID=1
INSERT INTO BATCH_JOB_EXECUTION_CONTEXT VALUES(1,'{}',NULL)
COMMIT
DELETE FROM BATCH_JOB_EXECUTION WHERE JOB_EXECUTION_ID=1
INSERT INTO BATCH_JOB_EXECUTION VALUES(1,2,1,'2018-11-14 17:07:48.351000','2018-11-14 17:07:48.386000','2018-11-14 17:07:48.485000','COMPLETED','COMPLETED','','2018-11-14 17:07:48.486000',NULL)
COMMIT
DISCONNECT
/*C13*/SET SCHEMA PUBLIC
DISCONNECT
/*C14*/SET SCHEMA PUBLIC
DISCONNECT
/*C15*/SET SCHEMA PUBLIC
INSERT INTO BATCH_JOB_SEQ VALUES(2)
DELETE FROM BATCH_JOB_SEQ WHERE ID=1
INSERT INTO BATCH_JOB_INSTANCE VALUES(2,0,'echoJob','c42bd716e790c603f186eb8f3c83fb56')
INSERT INTO BATCH_JOB_EXECUTION_SEQ VALUES(2)
DELETE FROM BATCH_JOB_EXECUTION_SEQ WHERE ID=1
INSERT INTO BATCH_JOB_EXECUTION VALUES(2,0,2,'2018-11-14 17:08:26.596000',NULL,NULL,'STARTING','UNKNOWN','','2018-11-14 17:08:26.597000',NULL)
INSERT INTO BATCH_JOB_EXECUTION_PARAMS VALUES(2,'STRING','breadcrumbId','ID-DESKTOP-0BKCFKT-1542182904972-0-5','1970-01-01 09:00:00.000000',0,0.0E0,'Y')
INSERT INTO BATCH_JOB_EXECUTION_CONTEXT VALUES(2,'{}',NULL)
COMMIT
DELETE FROM BATCH_JOB_EXECUTION WHERE JOB_EXECUTION_ID=2
INSERT INTO BATCH_JOB_EXECUTION VALUES(2,1,2,'2018-11-14 17:08:26.596000','2018-11-14 17:08:26.632000',NULL,'STARTED','UNKNOWN','','2018-11-14 17:08:26.633000',NULL)
COMMIT
INSERT INTO BATCH_STEP_EXECUTION_SEQ VALUES(2)
DELETE FROM BATCH_STEP_EXECUTION_SEQ WHERE ID=1
INSERT INTO BATCH_STEP_EXECUTION VALUES(2,0,'echoStep',2,'2018-11-14 17:08:26.662000',NULL,'STARTING',0,0,0,0,0,0,0,0,'EXECUTING','','2018-11-14 17:08:26.663000')
INSERT INTO BATCH_STEP_EXECUTION_CONTEXT VALUES(2,'{}',NULL)
COMMIT
DELETE FROM BATCH_STEP_EXECUTION WHERE STEP_EXECUTION_ID=2
INSERT INTO BATCH_STEP_EXECUTION VALUES(2,1,'echoStep',2,'2018-11-14 17:08:26.667000',NULL,'STARTED',0,0,0,0,0,0,0,0,'EXECUTING','','2018-11-14 17:08:26.667000')
COMMIT
DELETE FROM BATCH_STEP_EXECUTION_CONTEXT WHERE STEP_EXECUTION_ID=2
INSERT INTO BATCH_STEP_EXECUTION_CONTEXT VALUES(2,'{"batch.taskletType":"org.springframework.batch.core.step.item.ChunkOrientedTasklet","batch.stepType":"org.springframework.batch.core.step.tasklet.TaskletStep"}',NULL)
COMMIT
DELETE FROM BATCH_STEP_EXECUTION_CONTEXT WHERE STEP_EXECUTION_ID=2
INSERT INTO BATCH_STEP_EXECUTION_CONTEXT VALUES(2,'{"batch.taskletType":"org.springframework.batch.core.step.item.ChunkOrientedTasklet","batch.stepType":"org.springframework.batch.core.step.tasklet.TaskletStep"}',NULL)
DELETE FROM BATCH_STEP_EXECUTION WHERE STEP_EXECUTION_ID=2
INSERT INTO BATCH_STEP_EXECUTION VALUES(2,2,'echoStep',2,'2018-11-14 17:08:26.667000',NULL,'STARTED',1,3,0,3,0,0,0,0,'EXECUTING','','2018-11-14 17:08:26.708000')
COMMIT
DELETE FROM BATCH_STEP_EXECUTION_CONTEXT WHERE STEP_EXECUTION_ID=2
INSERT INTO BATCH_STEP_EXECUTION_CONTEXT VALUES(2,'{"batch.taskletType":"org.springframework.batch.core.step.item.ChunkOrientedTasklet","batch.stepType":"org.springframework.batch.core.step.tasklet.TaskletStep"}',NULL)
DELETE FROM BATCH_STEP_EXECUTION WHERE STEP_EXECUTION_ID=2
INSERT INTO BATCH_STEP_EXECUTION VALUES(2,3,'echoStep',2,'2018-11-14 17:08:26.667000',NULL,'STARTED',2,3,0,3,0,0,0,0,'EXECUTING','','2018-11-14 17:08:26.713000')
COMMIT
DELETE FROM BATCH_STEP_EXECUTION_CONTEXT WHERE STEP_EXECUTION_ID=2
INSERT INTO BATCH_STEP_EXECUTION_CONTEXT VALUES(2,'{"batch.taskletType":"org.springframework.batch.core.step.item.ChunkOrientedTasklet","batch.stepType":"org.springframework.batch.core.step.tasklet.TaskletStep"}',NULL)
COMMIT
DELETE FROM BATCH_STEP_EXECUTION WHERE STEP_EXECUTION_ID=2
INSERT INTO BATCH_STEP_EXECUTION VALUES(2,4,'echoStep',2,'2018-11-14 17:08:26.667000','2018-11-14 17:08:26.717000','COMPLETED',2,3,0,3,0,0,0,0,'COMPLETED','','2018-11-14 17:08:26.718000')
COMMIT
DELETE FROM BATCH_JOB_EXECUTION_CONTEXT WHERE JOB_EXECUTION_ID=2
INSERT INTO BATCH_JOB_EXECUTION_CONTEXT VALUES(2,'{}',NULL)
COMMIT
DELETE FROM BATCH_JOB_EXECUTION WHERE JOB_EXECUTION_ID=2
INSERT INTO BATCH_JOB_EXECUTION VALUES(2,2,2,'2018-11-14 17:08:26.596000','2018-11-14 17:08:26.632000','2018-11-14 17:08:26.725000','COMPLETED','COMPLETED','','2018-11-14 17:08:26.726000',NULL)
COMMIT
DISCONNECT
/*C16*/SET SCHEMA PUBLIC
DISCONNECT
/*C17*/SET SCHEMA PUBLIC
DISCONNECT
/*C18*/SET SCHEMA PUBLIC
INSERT INTO BATCH_JOB_SEQ VALUES(3)
DELETE FROM BATCH_JOB_SEQ WHERE ID=2
INSERT INTO BATCH_JOB_INSTANCE VALUES(3,0,'echoJob','ba5c38e381cf7cb5bb5f93270a73fad3')
INSERT INTO BATCH_JOB_EXECUTION_SEQ VALUES(3)
DELETE FROM BATCH_JOB_EXECUTION_SEQ WHERE ID=2
INSERT INTO BATCH_JOB_EXECUTION VALUES(3,0,3,'2018-11-14 17:10:53.188000',NULL,NULL,'STARTING','UNKNOWN','','2018-11-14 17:10:53.189000',NULL)
INSERT INTO BATCH_JOB_EXECUTION_PARAMS VALUES(3,'STRING','breadcrumbId','ID-DESKTOP-0BKCFKT-1542183051521-0-5','1970-01-01 09:00:00.000000',0,0.0E0,'Y')
INSERT INTO BATCH_JOB_EXECUTION_CONTEXT VALUES(3,'{}',NULL)
COMMIT
DELETE FROM BATCH_JOB_EXECUTION WHERE JOB_EXECUTION_ID=3
INSERT INTO BATCH_JOB_EXECUTION VALUES(3,1,3,'2018-11-14 17:10:53.188000','2018-11-14 17:10:53.223000',NULL,'STARTED','UNKNOWN','','2018-11-14 17:10:53.224000',NULL)
COMMIT
INSERT INTO BATCH_STEP_EXECUTION_SEQ VALUES(3)
DELETE FROM BATCH_STEP_EXECUTION_SEQ WHERE ID=2
INSERT INTO BATCH_STEP_EXECUTION VALUES(3,0,'echoStep',3,'2018-11-14 17:10:53.252000',NULL,'STARTING',0,0,0,0,0,0,0,0,'EXECUTING','','2018-11-14 17:10:53.252000')
INSERT INTO BATCH_STEP_EXECUTION_CONTEXT VALUES(3,'{}',NULL)
COMMIT
DELETE FROM BATCH_STEP_EXECUTION WHERE STEP_EXECUTION_ID=3
INSERT INTO BATCH_STEP_EXECUTION VALUES(3,1,'echoStep',3,'2018-11-14 17:10:53.256000',NULL,'STARTED',0,0,0,0,0,0,0,0,'EXECUTING','','2018-11-14 17:10:53.257000')
COMMIT
DELETE FROM BATCH_STEP_EXECUTION_CONTEXT WHERE STEP_EXECUTION_ID=3
INSERT INTO BATCH_STEP_EXECUTION_CONTEXT VALUES(3,'{"batch.taskletType":"org.springframework.batch.core.step.item.ChunkOrientedTasklet","batch.stepType":"org.springframework.batch.core.step.tasklet.TaskletStep"}',NULL)
COMMIT
DELETE FROM BATCH_STEP_EXECUTION_CONTEXT WHERE STEP_EXECUTION_ID=3
INSERT INTO BATCH_STEP_EXECUTION_CONTEXT VALUES(3,'{"batch.taskletType":"org.springframework.batch.core.step.item.ChunkOrientedTasklet","batch.stepType":"org.springframework.batch.core.step.tasklet.TaskletStep"}',NULL)
DELETE FROM BATCH_STEP_EXECUTION WHERE STEP_EXECUTION_ID=3
INSERT INTO BATCH_STEP_EXECUTION VALUES(3,2,'echoStep',3,'2018-11-14 17:10:53.256000',NULL,'STARTED',1,3,0,3,0,0,0,0,'EXECUTING','','2018-11-14 17:10:53.298000')
COMMIT
DELETE FROM BATCH_STEP_EXECUTION_CONTEXT WHERE STEP_EXECUTION_ID=3
INSERT INTO BATCH_STEP_EXECUTION_CONTEXT VALUES(3,'{"batch.taskletType":"org.springframework.batch.core.step.item.ChunkOrientedTasklet","batch.stepType":"org.springframework.batch.core.step.tasklet.TaskletStep"}',NULL)
DELETE FROM BATCH_STEP_EXECUTION WHERE STEP_EXECUTION_ID=3
INSERT INTO BATCH_STEP_EXECUTION VALUES(3,3,'echoStep',3,'2018-11-14 17:10:53.256000',NULL,'STARTED',2,3,0,3,0,0,0,0,'EXECUTING','','2018-11-14 17:10:53.304000')
COMMIT
DELETE FROM BATCH_STEP_EXECUTION_CONTEXT WHERE STEP_EXECUTION_ID=3
INSERT INTO BATCH_STEP_EXECUTION_CONTEXT VALUES(3,'{"batch.taskletType":"org.springframework.batch.core.step.item.ChunkOrientedTasklet","batch.stepType":"org.springframework.batch.core.step.tasklet.TaskletStep"}',NULL)
COMMIT
DELETE FROM BATCH_STEP_EXECUTION WHERE STEP_EXECUTION_ID=3
INSERT INTO BATCH_STEP_EXECUTION VALUES(3,4,'echoStep',3,'2018-11-14 17:10:53.256000','2018-11-14 17:10:53.310000','COMPLETED',2,3,0,3,0,0,0,0,'COMPLETED','','2018-11-14 17:10:53.311000')
COMMIT
DELETE FROM BATCH_JOB_EXECUTION_CONTEXT WHERE JOB_EXECUTION_ID=3
INSERT INTO BATCH_JOB_EXECUTION_CONTEXT VALUES(3,'{}',NULL)
COMMIT
DELETE FROM BATCH_JOB_EXECUTION WHERE JOB_EXECUTION_ID=3
INSERT INTO BATCH_JOB_EXECUTION VALUES(3,2,3,'2018-11-14 17:10:53.188000','2018-11-14 17:10:53.223000','2018-11-14 17:10:53.317000','COMPLETED','COMPLETED','','2018-11-14 17:10:53.318000',NULL)
COMMIT
DISCONNECT
/*C19*/SET SCHEMA PUBLIC
DISCONNECT
/*C20*/SET SCHEMA PUBLIC
DISCONNECT
/*C21*/SET SCHEMA PUBLIC
DISCONNECT
/*C22*/SET SCHEMA PUBLIC
DISCONNECT
/*C23*/SET SCHEMA PUBLIC
INSERT INTO BATCH_JOB_SEQ VALUES(4)
DELETE FROM BATCH_JOB_SEQ WHERE ID=3
INSERT INTO BATCH_JOB_INSTANCE VALUES(4,0,'echoJob','3d56da2b6302bd1f095cca67b99db06a')
INSERT INTO BATCH_JOB_EXECUTION_SEQ VALUES(4)
DELETE FROM BATCH_JOB_EXECUTION_SEQ WHERE ID=3
INSERT INTO BATCH_JOB_EXECUTION VALUES(4,0,4,'2018-11-14 17:12:15.627000',NULL,NULL,'STARTING','UNKNOWN','','2018-11-14 17:12:15.628000',NULL)
INSERT INTO BATCH_JOB_EXECUTION_PARAMS VALUES(4,'STRING','breadcrumbId','ID-DESKTOP-0BKCFKT-1542183134039-0-5','1970-01-01 09:00:00.000000',0,0.0E0,'Y')
INSERT INTO BATCH_JOB_EXECUTION_CONTEXT VALUES(4,'{}',NULL)
COMMIT
DELETE FROM BATCH_JOB_EXECUTION WHERE JOB_EXECUTION_ID=4
INSERT INTO BATCH_JOB_EXECUTION VALUES(4,1,4,'2018-11-14 17:12:15.627000','2018-11-14 17:12:15.662000',NULL,'STARTED','UNKNOWN','','2018-11-14 17:12:15.663000',NULL)
COMMIT
INSERT INTO BATCH_STEP_EXECUTION_SEQ VALUES(4)
DELETE FROM BATCH_STEP_EXECUTION_SEQ WHERE ID=3
INSERT INTO BATCH_STEP_EXECUTION VALUES(4,0,'echoStep',4,'2018-11-14 17:12:15.690000',NULL,'STARTING',0,0,0,0,0,0,0,0,'EXECUTING','','2018-11-14 17:12:15.690000')
INSERT INTO BATCH_STEP_EXECUTION_CONTEXT VALUES(4,'{}',NULL)
COMMIT
DELETE FROM BATCH_STEP_EXECUTION WHERE STEP_EXECUTION_ID=4
INSERT INTO BATCH_STEP_EXECUTION VALUES(4,1,'echoStep',4,'2018-11-14 17:12:15.694000',NULL,'STARTED',0,0,0,0,0,0,0,0,'EXECUTING','','2018-11-14 17:12:15.695000')
COMMIT
DELETE FROM BATCH_STEP_EXECUTION_CONTEXT WHERE STEP_EXECUTION_ID=4
INSERT INTO BATCH_STEP_EXECUTION_CONTEXT VALUES(4,'{"batch.taskletType":"org.springframework.batch.core.step.item.ChunkOrientedTasklet","batch.stepType":"org.springframework.batch.core.step.tasklet.TaskletStep"}',NULL)
COMMIT
DELETE FROM BATCH_STEP_EXECUTION_CONTEXT WHERE STEP_EXECUTION_ID=4
INSERT INTO BATCH_STEP_EXECUTION_CONTEXT VALUES(4,'{"batch.taskletType":"org.springframework.batch.core.step.item.ChunkOrientedTasklet","batch.stepType":"org.springframework.batch.core.step.tasklet.TaskletStep"}',NULL)
DELETE FROM BATCH_STEP_EXECUTION WHERE STEP_EXECUTION_ID=4
INSERT INTO BATCH_STEP_EXECUTION VALUES(4,2,'echoStep',4,'2018-11-14 17:12:15.694000',NULL,'STARTED',1,3,0,3,0,0,0,0,'EXECUTING','','2018-11-14 17:12:15.734000')
COMMIT
DELETE FROM BATCH_STEP_EXECUTION_CONTEXT WHERE STEP_EXECUTION_ID=4
INSERT INTO BATCH_STEP_EXECUTION_CONTEXT VALUES(4,'{"batch.taskletType":"org.springframework.batch.core.step.item.ChunkOrientedTasklet","batch.stepType":"org.springframework.batch.core.step.tasklet.TaskletStep"}',NULL)
DELETE FROM BATCH_STEP_EXECUTION WHERE STEP_EXECUTION_ID=4
INSERT INTO BATCH_STEP_EXECUTION VALUES(4,3,'echoStep',4,'2018-11-14 17:12:15.694000',NULL,'STARTED',2,3,0,3,0,0,0,0,'EXECUTING','','2018-11-14 17:12:15.739000')
COMMIT
DELETE FROM BATCH_STEP_EXECUTION_CONTEXT WHERE STEP_EXECUTION_ID=4
INSERT INTO BATCH_STEP_EXECUTION_CONTEXT VALUES(4,'{"batch.taskletType":"org.springframework.batch.core.step.item.ChunkOrientedTasklet","batch.stepType":"org.springframework.batch.core.step.tasklet.TaskletStep"}',NULL)
COMMIT
DELETE FROM BATCH_STEP_EXECUTION WHERE STEP_EXECUTION_ID=4
INSERT INTO BATCH_STEP_EXECUTION VALUES(4,4,'echoStep',4,'2018-11-14 17:12:15.694000','2018-11-14 17:12:15.743000','COMPLETED',2,3,0,3,0,0,0,0,'COMPLETED','','2018-11-14 17:12:15.744000')
COMMIT
DELETE FROM BATCH_JOB_EXECUTION_CONTEXT WHERE JOB_EXECUTION_ID=4
INSERT INTO BATCH_JOB_EXECUTION_CONTEXT VALUES(4,'{}',NULL)
COMMIT
DELETE FROM BATCH_JOB_EXECUTION WHERE JOB_EXECUTION_ID=4
INSERT INTO BATCH_JOB_EXECUTION VALUES(4,2,4,'2018-11-14 17:12:15.627000','2018-11-14 17:12:15.662000','2018-11-14 17:12:15.750000','COMPLETED','COMPLETED','','2018-11-14 17:12:15.751000',NULL)
COMMIT
DISCONNECT
/*C24*/SET SCHEMA PUBLIC
DISCONNECT
/*C25*/SET SCHEMA PUBLIC
DISCONNECT
/*C26*/SET SCHEMA PUBLIC
INSERT INTO BATCH_JOB_SEQ VALUES(5)
DELETE FROM BATCH_JOB_SEQ WHERE ID=4
INSERT INTO BATCH_JOB_INSTANCE VALUES(5,0,'echoJob','07a923a0b4a46c3761ee46f75926f7c1')
INSERT INTO BATCH_JOB_EXECUTION_SEQ VALUES(5)
DELETE FROM BATCH_JOB_EXECUTION_SEQ WHERE ID=4
INSERT INTO BATCH_JOB_EXECUTION VALUES(5,0,5,'2018-11-14 17:13:58.398000',NULL,NULL,'STARTING','UNKNOWN','','2018-11-14 17:13:58.398000',NULL)
INSERT INTO BATCH_JOB_EXECUTION_PARAMS VALUES(5,'STRING','breadcrumbId','ID-DESKTOP-0BKCFKT-1542183236784-0-5','1970-01-01 09:00:00.000000',0,0.0E0,'Y')
INSERT INTO BATCH_JOB_EXECUTION_CONTEXT VALUES(5,'{}',NULL)
COMMIT
DELETE FROM BATCH_JOB_EXECUTION WHERE JOB_EXECUTION_ID=5
INSERT INTO BATCH_JOB_EXECUTION VALUES(5,1,5,'2018-11-14 17:13:58.398000','2018-11-14 17:13:58.431000',NULL,'STARTED','UNKNOWN','','2018-11-14 17:13:58.432000',NULL)
COMMIT
INSERT INTO BATCH_STEP_EXECUTION_SEQ VALUES(5)
DELETE FROM BATCH_STEP_EXECUTION_SEQ WHERE ID=4
INSERT INTO BATCH_STEP_EXECUTION VALUES(5,0,'echoStep',5,'2018-11-14 17:13:58.458000',NULL,'STARTING',0,0,0,0,0,0,0,0,'EXECUTING','','2018-11-14 17:13:58.459000')
INSERT INTO BATCH_STEP_EXECUTION_CONTEXT VALUES(5,'{}',NULL)
COMMIT
DELETE FROM BATCH_STEP_EXECUTION WHERE STEP_EXECUTION_ID=5
INSERT INTO BATCH_STEP_EXECUTION VALUES(5,1,'echoStep',5,'2018-11-14 17:13:58.463000',NULL,'STARTED',0,0,0,0,0,0,0,0,'EXECUTING','','2018-11-14 17:13:58.464000')
COMMIT
DELETE FROM BATCH_STEP_EXECUTION_CONTEXT WHERE STEP_EXECUTION_ID=5
INSERT INTO BATCH_STEP_EXECUTION_CONTEXT VALUES(5,'{"batch.taskletType":"org.springframework.batch.core.step.item.ChunkOrientedTasklet","batch.stepType":"org.springframework.batch.core.step.tasklet.TaskletStep"}',NULL)
COMMIT
DELETE FROM BATCH_STEP_EXECUTION_CONTEXT WHERE STEP_EXECUTION_ID=5
INSERT INTO BATCH_STEP_EXECUTION_CONTEXT VALUES(5,'{"batch.taskletType":"org.springframework.batch.core.step.item.ChunkOrientedTasklet","batch.stepType":"org.springframework.batch.core.step.tasklet.TaskletStep"}',NULL)
DELETE FROM BATCH_STEP_EXECUTION WHERE STEP_EXECUTION_ID=5
INSERT INTO BATCH_STEP_EXECUTION VALUES(5,2,'echoStep',5,'2018-11-14 17:13:58.463000',NULL,'STARTED',1,3,0,3,0,0,0,0,'EXECUTING','','2018-11-14 17:13:58.504000')
COMMIT
DELETE FROM BATCH_STEP_EXECUTION_CONTEXT WHERE STEP_EXECUTION_ID=5
INSERT INTO BATCH_STEP_EXECUTION_CONTEXT VALUES(5,'{"batch.taskletType":"org.springframework.batch.core.step.item.ChunkOrientedTasklet","batch.stepType":"org.springframework.batch.core.step.tasklet.TaskletStep"}',NULL)
DELETE FROM BATCH_STEP_EXECUTION WHERE STEP_EXECUTION_ID=5
INSERT INTO BATCH_STEP_EXECUTION VALUES(5,3,'echoStep',5,'2018-11-14 17:13:58.463000',NULL,'STARTED',2,3,0,3,0,0,0,0,'EXECUTING','','2018-11-14 17:13:58.509000')
COMMIT
DELETE FROM BATCH_STEP_EXECUTION_CONTEXT WHERE STEP_EXECUTION_ID=5
INSERT INTO BATCH_STEP_EXECUTION_CONTEXT VALUES(5,'{"batch.taskletType":"org.springframework.batch.core.step.item.ChunkOrientedTasklet","batch.stepType":"org.springframework.batch.core.step.tasklet.TaskletStep"}',NULL)
COMMIT
DELETE FROM BATCH_STEP_EXECUTION WHERE STEP_EXECUTION_ID=5
INSERT INTO BATCH_STEP_EXECUTION VALUES(5,4,'echoStep',5,'2018-11-14 17:13:58.463000','2018-11-14 17:13:58.513000','COMPLETED',2,3,0,3,0,0,0,0,'COMPLETED','','2018-11-14 17:13:58.514000')
COMMIT
DELETE FROM BATCH_JOB_EXECUTION_CONTEXT WHERE JOB_EXECUTION_ID=5
INSERT INTO BATCH_JOB_EXECUTION_CONTEXT VALUES(5,'{}',NULL)
COMMIT
DELETE FROM BATCH_JOB_EXECUTION WHERE JOB_EXECUTION_ID=5
INSERT INTO BATCH_JOB_EXECUTION VALUES(5,2,5,'2018-11-14 17:13:58.398000','2018-11-14 17:13:58.431000','2018-11-14 17:13:58.520000','COMPLETED','COMPLETED','','2018-11-14 17:13:58.521000',NULL)
COMMIT
DISCONNECT
/*C27*/SET SCHEMA PUBLIC
DISCONNECT
/*C28*/SET SCHEMA PUBLIC
INSERT INTO BATCH_JOB_SEQ VALUES(6)
DELETE FROM BATCH_JOB_SEQ WHERE ID=5
INSERT INTO BATCH_JOB_INSTANCE VALUES(6,0,'echoJob','50d6efccc02f00c1c98c75d1148702c0')
INSERT INTO BATCH_JOB_EXECUTION_SEQ VALUES(6)
DELETE FROM BATCH_JOB_EXECUTION_SEQ WHERE ID=5
INSERT INTO BATCH_JOB_EXECUTION VALUES(6,0,6,'2018-11-14 17:14:50.260000',NULL,NULL,'STARTING','UNKNOWN','','2018-11-14 17:14:50.261000',NULL)
INSERT INTO BATCH_JOB_EXECUTION_PARAMS VALUES(6,'STRING','breadcrumbId','ID-DESKTOP-0BKCFKT-1542183288640-0-5','1970-01-01 09:00:00.000000',0,0.0E0,'Y')
INSERT INTO BATCH_JOB_EXECUTION_CONTEXT VALUES(6,'{}',NULL)
COMMIT
DELETE FROM BATCH_JOB_EXECUTION WHERE JOB_EXECUTION_ID=6
INSERT INTO BATCH_JOB_EXECUTION VALUES(6,1,6,'2018-11-14 17:14:50.260000','2018-11-14 17:14:50.294000',NULL,'STARTED','UNKNOWN','','2018-11-14 17:14:50.295000',NULL)
COMMIT
INSERT INTO BATCH_STEP_EXECUTION_SEQ VALUES(6)
DELETE FROM BATCH_STEP_EXECUTION_SEQ WHERE ID=5
INSERT INTO BATCH_STEP_EXECUTION VALUES(6,0,'echoStep',6,'2018-11-14 17:14:50.321000',NULL,'STARTING',0,0,0,0,0,0,0,0,'EXECUTING','','2018-11-14 17:14:50.322000')
INSERT INTO BATCH_STEP_EXECUTION_CONTEXT VALUES(6,'{}',NULL)
COMMIT
DELETE FROM BATCH_STEP_EXECUTION WHERE STEP_EXECUTION_ID=6
INSERT INTO BATCH_STEP_EXECUTION VALUES(6,1,'echoStep',6,'2018-11-14 17:14:50.326000',NULL,'STARTED',0,0,0,0,0,0,0,0,'EXECUTING','','2018-11-14 17:14:50.327000')
COMMIT
DELETE FROM BATCH_STEP_EXECUTION_CONTEXT WHERE STEP_EXECUTION_ID=6
INSERT INTO BATCH_STEP_EXECUTION_CONTEXT VALUES(6,'{"batch.taskletType":"org.springframework.batch.core.step.item.ChunkOrientedTasklet","batch.stepType":"org.springframework.batch.core.step.tasklet.TaskletStep"}',NULL)
COMMIT
DELETE FROM BATCH_STEP_EXECUTION_CONTEXT WHERE STEP_EXECUTION_ID=6
INSERT INTO BATCH_STEP_EXECUTION_CONTEXT VALUES(6,'{"batch.taskletType":"org.springframework.batch.core.step.item.ChunkOrientedTasklet","batch.stepType":"org.springframework.batch.core.step.tasklet.TaskletStep"}',NULL)
DELETE FROM BATCH_STEP_EXECUTION WHERE STEP_EXECUTION_ID=6
INSERT INTO BATCH_STEP_EXECUTION VALUES(6,2,'echoStep',6,'2018-11-14 17:14:50.326000',NULL,'STARTED',1,3,0,3,0,0,0,0,'EXECUTING','','2018-11-14 17:14:50.368000')
COMMIT
DELETE FROM BATCH_STEP_EXECUTION_CONTEXT WHERE STEP_EXECUTION_ID=6
INSERT INTO BATCH_STEP_EXECUTION_CONTEXT VALUES(6,'{"batch.taskletType":"org.springframework.batch.core.step.item.ChunkOrientedTasklet","batch.stepType":"org.springframework.batch.core.step.tasklet.TaskletStep"}',NULL)
DELETE FROM BATCH_STEP_EXECUTION WHERE STEP_EXECUTION_ID=6
INSERT INTO BATCH_STEP_EXECUTION VALUES(6,3,'echoStep',6,'2018-11-14 17:14:50.326000',NULL,'STARTED',2,3,0,3,0,0,0,0,'EXECUTING','','2018-11-14 17:14:50.373000')
COMMIT
DELETE FROM BATCH_STEP_EXECUTION_CONTEXT WHERE STEP_EXECUTION_ID=6
INSERT INTO BATCH_STEP_EXECUTION_CONTEXT VALUES(6,'{"batch.taskletType":"org.springframework.batch.core.step.item.ChunkOrientedTasklet","batch.stepType":"org.springframework.batch.core.step.tasklet.TaskletStep"}',NULL)
COMMIT
DELETE FROM BATCH_STEP_EXECUTION WHERE STEP_EXECUTION_ID=6
INSERT INTO BATCH_STEP_EXECUTION VALUES(6,4,'echoStep',6,'2018-11-14 17:14:50.326000','2018-11-14 17:14:50.377000','COMPLETED',2,3,0,3,0,0,0,0,'COMPLETED','','2018-11-14 17:14:50.378000')
COMMIT
DELETE FROM BATCH_JOB_EXECUTION_CONTEXT WHERE JOB_EXECUTION_ID=6
INSERT INTO BATCH_JOB_EXECUTION_CONTEXT VALUES(6,'{}',NULL)
COMMIT
DELETE FROM BATCH_JOB_EXECUTION WHERE JOB_EXECUTION_ID=6
INSERT INTO BATCH_JOB_EXECUTION VALUES(6,2,6,'2018-11-14 17:14:50.260000','2018-11-14 17:14:50.294000','2018-11-14 17:14:50.383000','COMPLETED','COMPLETED','','2018-11-14 17:14:50.384000',NULL)
COMMIT
DISCONNECT
