/*C8*/SET SCHEMA PUBLIC
CREATE TABLE BATCH_JOB_INSTANCE  (\u000d\u000a\u0009JOB_INSTANCE_ID BIGINT IDENTITY NOT NULL PRIMARY KEY ,\u000d\u000a\u0009VERSION BIGINT ,\u000d\u000a\u0009JOB_NAME VARCHAR(100) NOT NULL,\u000d\u000a\u0009JOB_KEY VARCHAR(32) NOT NULL,\u000d\u000a\u0009constraint JOB_INST_UN unique (JOB_NAME, JOB_KEY)\u000d\u000a)\u000d\u000a
DISCONNECT
/*C9*/SET SCHEMA PUBLIC
CREATE TABLE BATCH_JOB_EXECUTION  (\u000d\u000a\u0009JOB_EXECUTION_ID BIGINT IDENTITY NOT NULL PRIMARY KEY ,\u000d\u000a\u0009VERSION BIGINT  ,\u000d\u000a\u0009JOB_INSTANCE_ID BIGINT NOT NULL,\u000d\u000a\u0009CREATE_TIME TIMESTAMP NOT NULL,\u000d\u000a\u0009START_TIME TIMESTAMP DEFAULT NULL ,\u000d\u000a\u0009END_TIME TIMESTAMP DEFAULT NULL ,\u000d\u000a\u0009STATUS VARCHAR(10) ,\u000d\u000a\u0009EXIT_CODE VARCHAR(2500) ,\u000d\u000a\u0009EXIT_MESSAGE VARCHAR(2500) ,\u000d\u000a\u0009LAST_UPDATED TIMESTAMP,\u000d\u000a\u0009JOB_CONFIGURATION_LOCATION VARCHAR(2500) NULL,\u000d\u000a\u0009constraint JOB_INST_EXEC_FK foreign key (JOB_INSTANCE_ID)\u000d\u000a\u0009references BATCH_JOB_INSTANCE(JOB_INSTANCE_ID)\u000d\u000a)\u000d\u000a
DISCONNECT
/*C10*/SET SCHEMA PUBLIC
CREATE TABLE BATCH_JOB_EXECUTION_PARAMS  (\u000d\u000a\u0009JOB_EXECUTION_ID BIGINT NOT NULL ,\u000d\u000a\u0009TYPE_CD VARCHAR(6) NOT NULL ,\u000d\u000a\u0009KEY_NAME VARCHAR(100) NOT NULL ,\u000d\u000a\u0009STRING_VAL VARCHAR(250) ,\u000d\u000a\u0009DATE_VAL TIMESTAMP DEFAULT NULL ,\u000d\u000a\u0009LONG_VAL BIGINT ,\u000d\u000a\u0009DOUBLE_VAL DOUBLE PRECISION ,\u000d\u000a\u0009IDENTIFYING CHAR(1) NOT NULL ,\u000d\u000a\u0009constraint JOB_EXEC_PARAMS_FK foreign key (JOB_EXECUTION_ID)\u000d\u000a\u0009references BATCH_JOB_EXECUTION(JOB_EXECUTION_ID)\u000d\u000a)\u000d\u000a
DISCONNECT
/*C11*/SET SCHEMA PUBLIC
CREATE TABLE BATCH_STEP_EXECUTION  (\u000d\u000a\u0009STEP_EXECUTION_ID BIGINT IDENTITY NOT NULL PRIMARY KEY ,\u000d\u000a\u0009VERSION BIGINT NOT NULL,\u000d\u000a\u0009STEP_NAME VARCHAR(100) NOT NULL,\u000d\u000a\u0009JOB_EXECUTION_ID BIGINT NOT NULL,\u000d\u000a\u0009START_TIME TIMESTAMP NOT NULL ,\u000d\u000a\u0009END_TIME TIMESTAMP DEFAULT NULL ,\u000d\u000a\u0009STATUS VARCHAR(10) ,\u000d\u000a\u0009COMMIT_COUNT BIGINT ,\u000d\u000a\u0009READ_COUNT BIGINT ,\u000d\u000a\u0009FILTER_COUNT BIGINT ,\u000d\u000a\u0009WRITE_COUNT BIGINT ,\u000d\u000a\u0009READ_SKIP_COUNT BIGINT ,\u000d\u000a\u0009WRITE_SKIP_COUNT BIGINT ,\u000d\u000a\u0009PROCESS_SKIP_COUNT BIGINT ,\u000d\u000a\u0009ROLLBACK_COUNT BIGINT ,\u000d\u000a\u0009EXIT_CODE VARCHAR(2500) ,\u000d\u000a\u0009EXIT_MESSAGE VARCHAR(2500) ,\u000d\u000a\u0009LAST_UPDATED TIMESTAMP,\u000d\u000a\u0009constraint JOB_EXEC_STEP_FK foreign key (JOB_EXECUTION_ID)\u000d\u000a\u0009references BATCH_JOB_EXECUTION(JOB_EXECUTION_ID)\u000d\u000a)\u000d\u000a
DISCONNECT
/*C12*/SET SCHEMA PUBLIC
CREATE TABLE BATCH_STEP_EXECUTION_CONTEXT  (\u000d\u000a\u0009STEP_EXECUTION_ID BIGINT NOT NULL PRIMARY KEY,\u000d\u000a\u0009SHORT_CONTEXT VARCHAR(2500) NOT NULL,\u000d\u000a\u0009SERIALIZED_CONTEXT LONGVARCHAR ,\u000d\u000a\u0009constraint STEP_EXEC_CTX_FK foreign key (STEP_EXECUTION_ID)\u000d\u000a\u0009references BATCH_STEP_EXECUTION(STEP_EXECUTION_ID)\u000d\u000a)\u000d\u000a
DISCONNECT
/*C13*/SET SCHEMA PUBLIC
CREATE TABLE BATCH_JOB_EXECUTION_CONTEXT  (\u000d\u000a\u0009JOB_EXECUTION_ID BIGINT NOT NULL PRIMARY KEY,\u000d\u000a\u0009SHORT_CONTEXT VARCHAR(2500) NOT NULL,\u000d\u000a\u0009SERIALIZED_CONTEXT LONGVARCHAR ,\u000d\u000a\u0009constraint JOB_EXEC_CTX_FK foreign key (JOB_EXECUTION_ID)\u000d\u000a\u0009references BATCH_JOB_EXECUTION(JOB_EXECUTION_ID)\u000d\u000a)\u000d\u000a
DISCONNECT
/*C14*/SET SCHEMA PUBLIC
CREATE TABLE BATCH_STEP_EXECUTION_SEQ (\u000d\u000a\u0009ID BIGINT IDENTITY\u000d\u000a)\u000d\u000a
DISCONNECT
/*C15*/SET SCHEMA PUBLIC
CREATE TABLE BATCH_JOB_EXECUTION_SEQ (\u000d\u000a\u0009ID BIGINT IDENTITY\u000d\u000a)\u000d\u000a
DISCONNECT
/*C16*/SET SCHEMA PUBLIC
CREATE TABLE BATCH_JOB_SEQ (\u000d\u000a\u0009ID BIGINT IDENTITY\u000d\u000a)\u000d\u000a
DISCONNECT
