/*C2*/SET SCHEMA PUBLIC
DISCONNECT
/*C3*/SET SCHEMA PUBLIC
INSERT INTO BATCH_JOB_SEQ VALUES(5)
DELETE FROM BATCH_JOB_SEQ WHERE ID=4
INSERT INTO BATCH_JOB_INSTANCE VALUES(5,0,'myJob','da41efcbd74b05fea1e305cd3818a90d')
INSERT INTO BATCH_JOB_EXECUTION_SEQ VALUES(5)
DELETE FROM BATCH_JOB_EXECUTION_SEQ WHERE ID=4
INSERT INTO BATCH_JOB_EXECUTION VALUES(5,0,5,'2018-11-13 17:17:52.056000',NULL,NULL,'STARTING','UNKNOWN','','2018-11-13 17:17:52.057000',NULL)
INSERT INTO BATCH_JOB_EXECUTION_PARAMS VALUES(5,'STRING','breadcrumbId','ID-DESKTOP-0BKCFKT-1542097069603-0-1','1970-01-01 09:00:00.000000',0,0.0E0,'Y')
INSERT INTO BATCH_JOB_EXECUTION_PARAMS VALUES(5,'DATE','firedTime','','2018-11-13 17:17:52.014000',0,0.0E0,'Y')
INSERT INTO BATCH_JOB_EXECUTION_CONTEXT VALUES(5,'{}',NULL)
COMMIT
DELETE FROM BATCH_JOB_EXECUTION WHERE JOB_EXECUTION_ID=5
INSERT INTO BATCH_JOB_EXECUTION VALUES(5,1,5,'2018-11-13 17:17:52.056000','2018-11-13 17:17:52.088000',NULL,'STARTED','UNKNOWN','','2018-11-13 17:17:52.088000',NULL)
COMMIT
INSERT INTO BATCH_STEP_EXECUTION_SEQ VALUES(25)
DELETE FROM BATCH_STEP_EXECUTION_SEQ WHERE ID=24
INSERT INTO BATCH_STEP_EXECUTION VALUES(25,0,'master.Step',5,'2018-11-13 17:17:52.103000',NULL,'STARTING',0,0,0,0,0,0,0,0,'EXECUTING','','2018-11-13 17:17:52.104000')
INSERT INTO BATCH_STEP_EXECUTION_CONTEXT VALUES(25,'{}',NULL)
COMMIT
DELETE FROM BATCH_STEP_EXECUTION WHERE STEP_EXECUTION_ID=25
INSERT INTO BATCH_STEP_EXECUTION VALUES(25,1,'master.Step',5,'2018-11-13 17:17:52.106000',NULL,'STARTED',0,0,0,0,0,0,0,0,'EXECUTING','','2018-11-13 17:17:52.106000')
COMMIT
DELETE FROM BATCH_STEP_EXECUTION_CONTEXT WHERE STEP_EXECUTION_ID=25
INSERT INTO BATCH_STEP_EXECUTION_CONTEXT VALUES(25,'{"SimpleStepExecutionSplitter.GRID_SIZE":["java.lang.Long",4],"batch.stepType":"org.springframework.batch.core.partition.support.PartitionStep"}',NULL)
COMMIT
INSERT INTO BATCH_STEP_EXECUTION_SEQ VALUES(26)
DELETE FROM BATCH_STEP_EXECUTION_SEQ WHERE ID=25
INSERT INTO BATCH_STEP_EXECUTION_SEQ VALUES(27)
DELETE FROM BATCH_STEP_EXECUTION_SEQ WHERE ID=26
INSERT INTO BATCH_STEP_EXECUTION_SEQ VALUES(28)
DELETE FROM BATCH_STEP_EXECUTION_SEQ WHERE ID=27
INSERT INTO BATCH_STEP_EXECUTION_SEQ VALUES(29)
DELETE FROM BATCH_STEP_EXECUTION_SEQ WHERE ID=28
INSERT INTO BATCH_STEP_EXECUTION VALUES(26,0,'slave.Step:Thread:-1',5,'2018-11-13 17:17:52.143000',NULL,'STARTING',0,0,0,0,0,0,0,0,'EXECUTING','','2018-11-13 17:17:52.145000')
INSERT INTO BATCH_STEP_EXECUTION VALUES(27,0,'slave.Step:Thread:-0',5,'2018-11-13 17:17:52.135000',NULL,'STARTING',0,0,0,0,0,0,0,0,'EXECUTING','','2018-11-13 17:17:52.145000')
INSERT INTO BATCH_STEP_EXECUTION VALUES(28,0,'slave.Step:Thread:-3',5,'2018-11-13 17:17:52.138000',NULL,'STARTING',0,0,0,0,0,0,0,0,'EXECUTING','','2018-11-13 17:17:52.145000')
INSERT INTO BATCH_STEP_EXECUTION VALUES(29,0,'slave.Step:Thread:-2',5,'2018-11-13 17:17:52.141000',NULL,'STARTING',0,0,0,0,0,0,0,0,'EXECUTING','','2018-11-13 17:17:52.145000')
INSERT INTO BATCH_STEP_EXECUTION_CONTEXT VALUES(26,'{"endingIndex":10,"startingIndex":6}',NULL)
INSERT INTO BATCH_STEP_EXECUTION_CONTEXT VALUES(27,'{"endingIndex":5,"startingIndex":0}',NULL)
INSERT INTO BATCH_STEP_EXECUTION_CONTEXT VALUES(28,'{"endingIndex":20,"startingIndex":16}',NULL)
INSERT INTO BATCH_STEP_EXECUTION_CONTEXT VALUES(29,'{"endingIndex":15,"startingIndex":11}',NULL)
COMMIT
DELETE FROM BATCH_STEP_EXECUTION WHERE STEP_EXECUTION_ID=28
INSERT INTO BATCH_STEP_EXECUTION VALUES(28,1,'slave.Step:Thread:-3',5,'2018-11-13 17:17:52.154000',NULL,'STARTED',0,0,0,0,0,0,0,0,'EXECUTING','','2018-11-13 17:17:52.155000')
COMMIT
/*C5*/SET SCHEMA PUBLIC
DELETE FROM BATCH_STEP_EXECUTION WHERE STEP_EXECUTION_ID=29
INSERT INTO BATCH_STEP_EXECUTION VALUES(29,1,'slave.Step:Thread:-2',5,'2018-11-13 17:17:52.154000',NULL,'STARTED',0,0,0,0,0,0,0,0,'EXECUTING','','2018-11-13 17:17:52.155000')
COMMIT
/*C4*/SET SCHEMA PUBLIC
DELETE FROM BATCH_STEP_EXECUTION WHERE STEP_EXECUTION_ID=26
INSERT INTO BATCH_STEP_EXECUTION VALUES(26,1,'slave.Step:Thread:-1',5,'2018-11-13 17:17:52.154000',NULL,'STARTED',0,0,0,0,0,0,0,0,'EXECUTING','','2018-11-13 17:17:52.155000')
COMMIT
/*C6*/SET SCHEMA PUBLIC
DELETE FROM BATCH_STEP_EXECUTION WHERE STEP_EXECUTION_ID=27
INSERT INTO BATCH_STEP_EXECUTION VALUES(27,1,'slave.Step:Thread:-0',5,'2018-11-13 17:17:52.154000',NULL,'STARTED',0,0,0,0,0,0,0,0,'EXECUTING','','2018-11-13 17:17:52.155000')
COMMIT
/*C3*/DELETE FROM BATCH_STEP_EXECUTION_CONTEXT WHERE STEP_EXECUTION_ID=26
INSERT INTO BATCH_STEP_EXECUTION_CONTEXT VALUES(26,'{"FlatFileItemWriter.current.count":["java.lang.Long",0],"endingIndex":10,"FlatFileItemWriter.written":["java.lang.Long",0],"batch.taskletType":"org.springframework.batch.core.step.item.ChunkOrientedTasklet","batch.stepType":"org.springframework.batch.core.step.tasklet.TaskletStep","startingIndex":6}',NULL)
COMMIT
/*C4*/DELETE FROM BATCH_STEP_EXECUTION_CONTEXT WHERE STEP_EXECUTION_ID=29
INSERT INTO BATCH_STEP_EXECUTION_CONTEXT VALUES(29,'{"FlatFileItemWriter.current.count":["java.lang.Long",0],"endingIndex":15,"FlatFileItemWriter.written":["java.lang.Long",0],"batch.taskletType":"org.springframework.batch.core.step.item.ChunkOrientedTasklet","batch.stepType":"org.springframework.batch.core.step.tasklet.TaskletStep","startingIndex":11}',NULL)
COMMIT
/*C5*/DELETE FROM BATCH_STEP_EXECUTION_CONTEXT WHERE STEP_EXECUTION_ID=27
INSERT INTO BATCH_STEP_EXECUTION_CONTEXT VALUES(27,'{"FlatFileItemWriter.current.count":["java.lang.Long",0],"endingIndex":5,"FlatFileItemWriter.written":["java.lang.Long",0],"batch.taskletType":"org.springframework.batch.core.step.item.ChunkOrientedTasklet","batch.stepType":"org.springframework.batch.core.step.tasklet.TaskletStep","startingIndex":0}',NULL)
COMMIT
/*C6*/DELETE FROM BATCH_STEP_EXECUTION_CONTEXT WHERE STEP_EXECUTION_ID=28
INSERT INTO BATCH_STEP_EXECUTION_CONTEXT VALUES(28,'{"FlatFileItemWriter.current.count":["java.lang.Long",0],"endingIndex":20,"FlatFileItemWriter.written":["java.lang.Long",0],"batch.taskletType":"org.springframework.batch.core.step.item.ChunkOrientedTasklet","batch.stepType":"org.springframework.batch.core.step.tasklet.TaskletStep","startingIndex":16}',NULL)
COMMIT
